<?xml version="1.0" encoding="UTF-8"?>
<!-- Generated by org.testng.reporters.JUnitXMLReporter -->
<testsuite hostname="Matrix" ignored="0" name="Login" tests="6" failures="0" timestamp="2021-09-16T21:18:07 IST" time="53.816" errors="0">
  <testcase name="launchBrowser" time="16.636" classname="com.sgtesting.dataproviderdemo.LoginLogoutDemo"/>
  <testcase name="navigate" time="6.796" classname="com.sgtesting.dataproviderdemo.LoginLogoutDemo"/>
  <testcase name="login" time="10.194" classname="com.sgtesting.dataproviderdemo.LoginLogoutDemo"/>
  <testcase name="login" time="9.839" classname="com.sgtesting.dataproviderdemo.LoginLogoutDemo"/>
  <testcase name="login" time="9.493" classname="com.sgtesting.dataproviderdemo.LoginLogoutDemo"/>
  <testcase name="closeApplication" time="0.585" classname="com.sgtesting.dataproviderdemo.LoginLogoutDemo"/>
</testsuite> <!-- Login -->
